2025-08-04 23:32:10,144 [DEBUG] SlimeBot:555 ▶ [REACHED?] wp#0 dx=4.0 dy=0.0  → False
2025-08-04 23:32:10,145 [DEBUG] SlimeBot:398 ▶ [MOVE] cur_x= 61  target_x= 57  dx= -4
2025-08-04 23:32:12,341 [DEBUG] SlimeBot:555 ▶ [REACHED?] wp#0 dx=4.0 dy=0.0  → True
2025-08-04 23:32:12,341 [INFO] SlimeBot:462 ▶ [LADDER] from y=159 → end_y=144
2025-08-04 23:32:14,259 [DEBUG] SlimeBot:555 ▶ [REACHED?] wp#0 dx=10.0 dy=0.0  → False
2025-08-04 23:32:14,260 [DEBUG] SlimeBot:398 ▶ [MOVE] cur_x= 47  target_x= 57  dx=+10
2025-08-04 23:32:15,296 [DEBUG] SlimeBot:555 ▶ [REACHED?] wp#0 dx=6.0 dy=0.0  → True
2025-08-04 23:32:15,296 [INFO] SlimeBot:462 ▶ [LADDER] from y=159 → end_y=144
2025-08-04 23:32:19,016 [DEBUG] SlimeBot:555 ▶ [REACHED?] wp#1 dx=29.0 dy=1.0  → False
2025-08-04 23:32:19,016 [DEBUG] SlimeBot:398 ▶ [MOVE] cur_x= 65  target_x= 94  dx=+29
2025-08-04 23:32:21,438 [DEBUG] SlimeBot:555 ▶ [REACHED?] wp#1 dx=21.0 dy=0.0  → False
2025-08-04 23:32:21,438 [DEBUG] SlimeBot:398 ▶ [MOVE] cur_x= 73  target_x= 94  dx=+21
2025-08-04 23:32:22,489 [DEBUG] SlimeBot:555 ▶ [REACHED?] wp#1 dx=18.0 dy=0.0  → False
2025-08-04 23:32:22,490 [DEBUG] SlimeBot:398 ▶ [MOVE] cur_x= 76  target_x= 94  dx=+18
2025-08-04 23:32:23,362 [DEBUG] SlimeBot:555 ▶ [REACHED?] wp#1 dx=11.0 dy=0.0  → False
2025-08-04 23:32:23,363 [DEBUG] SlimeBot:398 ▶ [MOVE] cur_x= 83  target_x= 94  dx=+11
2025-08-04 23:32:24,222 [DEBUG] SlimeBot:555 ▶ [REACHED?] wp#1 dx=4.0 dy=0.0  → True
2025-08-04 23:32:27,401 [DEBUG] SlimeBot:555 ▶ [REACHED?] wp#2 dx=21.0 dy=0.0  → False
2025-08-04 23:32:27,401 [DEBUG] SlimeBot:398 ▶ [MOVE] cur_x=101  target_x= 80  dx=-21
2025-08-04 23:32:28,342 [DEBUG] SlimeBot:555 ▶ [REACHED?] wp#2 dx=16.0 dy=0.0  → False
2025-08-04 23:32:28,342 [DEBUG] SlimeBot:398 ▶ [MOVE] cur_x= 96  target_x= 80  dx=-16
2025-08-04 23:32:30,658 [DEBUG] SlimeBot:555 ▶ [REACHED?] wp#2 dx=9.0 dy=1.0  → False
2025-08-04 23:32:30,658 [DEBUG] SlimeBot:398 ▶ [MOVE] cur_x= 89  target_x= 80  dx= -9
2025-08-04 23:32:31,682 [DEBUG] SlimeBot:555 ▶ [REACHED?] wp#2 dx=6.0 dy=0.0  → True
2025-08-04 23:32:31,682 [INFO] SlimeBot:462 ▶ [LADDER] from y=144 → end_y=129
2025-08-04 23:32:36,177 [DEBUG] SlimeBot:555 ▶ [REACHED?] wp#3 dx=20.0 dy=0.0  → False
2025-08-04 23:32:36,177 [DEBUG] SlimeBot:398 ▶ [MOVE] cur_x= 77  target_x= 57  dx=-20
2025-08-04 23:32:38,961 [INFO] SlimeBot:665 ▶ [ATTACK] Same spot 3× → reselection
2025-08-04 23:32:40,371 [INFO] SlimeBot:385 ▶ [WP] Reselect → #6  (cur=(79,124))
2025-08-04 23:32:41,000 [INFO] SlimeBot:581 ▶ [WP] Y-sync → #4  cur_y=129
2025-08-04 23:32:41,000 [DEBUG] SlimeBot:555 ▶ [REACHED?] wp#4 dx=3.0 dy=13.0  → False
2025-08-04 23:32:41,000 [DEBUG] SlimeBot:398 ▶ [MOVE] cur_x= 80  target_x= 83  dx= +3
2025-08-04 23:32:41,934 [DEBUG] SlimeBot:555 ▶ [REACHED?] wp#4 dx=17.0 dy=0.0  → False
2025-08-04 23:32:41,935 [DEBUG] SlimeBot:398 ▶ [MOVE] cur_x= 84  target_x= 67  dx=-17
2025-08-04 23:32:42,897 [DEBUG] SlimeBot:555 ▶ [REACHED?] wp#4 dx=21.0 dy=0.0  → False
2025-08-04 23:32:42,898 [DEBUG] SlimeBot:398 ▶ [MOVE] cur_x= 88  target_x= 67  dx=-21
2025-08-04 23:32:44,730 [DEBUG] SlimeBot:555 ▶ [REACHED?] wp#4 dx=12.0 dy=0.0  → False
2025-08-04 23:32:44,730 [DEBUG] SlimeBot:398 ▶ [MOVE] cur_x= 79  target_x= 67  dx=-12
2025-08-04 23:32:47,964 [INFO] SlimeBot:665 ▶ [ATTACK] Same spot 3× → reselection
2025-08-04 23:32:49,374 [INFO] SlimeBot:385 ▶ [WP] Reselect → #6  (cur=(82,129))
2025-08-04 23:32:49,989 [INFO] SlimeBot:581 ▶ [WP] Y-sync → #4  cur_y=128
2025-08-04 23:32:49,989 [DEBUG] SlimeBot:555 ▶ [REACHED?] wp#4 dx=1.0 dy=12.0  → True
2025-08-04 23:32:49,990 [INFO] SlimeBot:462 ▶ [LADDER] from y=128 → end_y=102
2025-08-04 23:32:53,236 [DEBUG] SlimeBot:555 ▶ [REACHED?] wp#4 dx=31.0 dy=0.0  → False
2025-08-04 23:32:53,236 [DEBUG] SlimeBot:398 ▶ [MOVE] cur_x= 98  target_x= 67  dx=-31
2025-08-04 23:32:54,266 [DEBUG] SlimeBot:555 ▶ [REACHED?] wp#4 dx=27.0 dy=0.0  → False
2025-08-04 23:32:54,267 [DEBUG] SlimeBot:398 ▶ [MOVE] cur_x= 94  target_x= 67  dx=-27
2025-08-04 23:32:55,105 [DEBUG] SlimeBot:555 ▶ [REACHED?] wp#4 dx=20.0 dy=0.0  → False
2025-08-04 23:32:55,105 [DEBUG] SlimeBot:398 ▶ [MOVE] cur_x= 87  target_x= 67  dx=-20
2025-08-04 23:32:58,103 [DEBUG] SlimeBot:555 ▶ [REACHED?] wp#4 dx=9.0 dy=0.0  → False
2025-08-04 23:32:58,103 [DEBUG] SlimeBot:398 ▶ [MOVE] cur_x= 76  target_x= 67  dx= -9
2025-08-04 23:33:00,439 [DEBUG] SlimeBot:555 ▶ [REACHED?] wp#4 dx=5.0 dy=0.0  → True
2025-08-04 23:33:00,439 [INFO] SlimeBot:462 ▶ [LADDER] from y=129 → end_y=116
2025-08-04 23:33:02,363 [DEBUG] SlimeBot:555 ▶ [REACHED?] wp#4 dx=2.0 dy=0.0  → True
2025-08-04 23:33:02,364 [INFO] SlimeBot:462 ▶ [LADDER] from y=129 → end_y=116
2025-08-04 23:33:04,824 [DEBUG] SlimeBot:555 ▶ [REACHED?] wp#4 dx=14.0 dy=1.0  → False
2025-08-04 23:33:04,824 [DEBUG] SlimeBot:398 ▶ [MOVE] cur_x= 53  target_x= 67  dx=+14
2025-08-04 23:33:06,880 [DEBUG] SlimeBot:555 ▶ [REACHED?] wp#4 dx=2.0 dy=0.0  → True
2025-08-04 23:33:06,880 [INFO] SlimeBot:462 ▶ [LADDER] from y=129 → end_y=116
2025-08-04 23:33:10,517 [DEBUG] SlimeBot:555 ▶ [REACHED?] wp#4 dx=16.0 dy=0.0  → False
2025-08-04 23:33:10,517 [DEBUG] SlimeBot:398 ▶ [MOVE] cur_x= 51  target_x= 67  dx=+16
2025-08-04 23:33:12,972 [DEBUG] SlimeBot:555 ▶ [REACHED?] wp#4 dx=10.0 dy=0.0  → False
2025-08-04 23:33:12,972 [DEBUG] SlimeBot:398 ▶ [MOVE] cur_x= 57  target_x= 67  dx=+10
2025-08-04 23:33:13,998 [DEBUG] SlimeBot:555 ▶ [REACHED?] wp#4 dx=6.0 dy=0.0  → True
2025-08-04 23:33:13,999 [INFO] SlimeBot:462 ▶ [LADDER] from y=129 → end_y=116
2025-08-04 23:33:19,856 [INFO] SlimeBot:581 ▶ [WP] Y-sync → #3  cur_y=129
2025-08-04 23:33:19,856 [DEBUG] SlimeBot:555 ▶ [REACHED?] wp#3 dx=1.0 dy=13.0  → False
2025-08-04 23:33:19,856 [DEBUG] SlimeBot:398 ▶ [MOVE] cur_x= 62  target_x= 63  dx= +1
2025-08-04 23:33:19,856 [DEBUG] SlimeBot:438 ▶   → STOP (x 오차 허용범위)
2025-08-04 23:33:22,135 [DEBUG] SlimeBot:555 ▶ [REACHED?] wp#3 dx=4.0 dy=0.0  → True
2025-08-04 23:33:22,898 [DEBUG] SlimeBot:555 ▶ [REACHED?] wp#4 dx=7.0 dy=0.0  → True
2025-08-04 23:33:22,898 [INFO] SlimeBot:462 ▶ [LADDER] from y=129 → end_y=116
2025-08-04 23:33:25,436 [DEBUG] SlimeBot:555 ▶ [REACHED?] wp#4 dx=25.0 dy=0.0  → False
2025-08-04 23:33:25,437 [DEBUG] SlimeBot:398 ▶ [MOVE] cur_x= 42  target_x= 67  dx=+25
2025-08-04 23:33:26,483 [DEBUG] SlimeBot:555 ▶ [REACHED?] wp#4 dx=20.0 dy=0.0  → False
2025-08-04 23:33:26,484 [DEBUG] SlimeBot:398 ▶ [MOVE] cur_x= 47  target_x= 67  dx=+20
2025-08-04 23:33:27,376 [DEBUG] SlimeBot:555 ▶ [REACHED?] wp#4 dx=12.0 dy=0.0  → False
2025-08-04 23:33:27,377 [DEBUG] SlimeBot:398 ▶ [MOVE] cur_x= 55  target_x= 67  dx=+12
2025-08-04 23:33:28,302 [DEBUG] SlimeBot:555 ▶ [REACHED?] wp#4 dx=4.0 dy=0.0  → True
2025-08-04 23:33:28,303 [INFO] SlimeBot:462 ▶ [LADDER] from y=129 → end_y=116
2025-08-04 23:33:31,731 [DEBUG] SlimeBot:555 ▶ [REACHED?] wp#5 dx=6.0 dy=0.0  → True
2025-08-04 23:33:33,309 [DEBUG] SlimeBot:555 ▶ [REACHED?] wp#6 dx=14.0 dy=0.0  → False
2025-08-04 23:33:33,309 [DEBUG] SlimeBot:398 ▶ [MOVE] cur_x= 69  target_x= 83  dx=+14
2025-08-04 23:33:34,245 [DEBUG] SlimeBot:555 ▶ [REACHED?] wp#6 dx=10.0 dy=0.0  → False
2025-08-04 23:33:34,245 [DEBUG] SlimeBot:398 ▶ [MOVE] cur_x= 73  target_x= 83  dx=+10
2025-08-04 23:33:35,138 [DEBUG] SlimeBot:555 ▶ [REACHED?] wp#6 dx=1.0 dy=0.0  → True
2025-08-04 23:33:35,138 [INFO] SlimeBot:462 ▶ [LADDER] from y=116 → end_y=102
2025-08-04 23:33:37,259 [DEBUG] SlimeBot:555 ▶ [REACHED?] wp#6 dx=15.0 dy=3.0  → False
2025-08-04 23:33:37,261 [DEBUG] SlimeBot:398 ▶ [MOVE] cur_x= 98  target_x= 83  dx=-15
2025-08-04 23:33:38,219 [DEBUG] SlimeBot:555 ▶ [REACHED?] wp#6 dx=10.0 dy=3.0  → False
2025-08-04 23:33:38,219 [DEBUG] SlimeBot:398 ▶ [MOVE] cur_x= 93  target_x= 83  dx=-10
2025-08-04 23:33:40,383 [DEBUG] SlimeBot:555 ▶ [REACHED?] wp#6 dx=0.0 dy=0.0  → True
2025-08-04 23:33:40,383 [INFO] SlimeBot:462 ▶ [LADDER] from y=116 → end_y=102
2025-08-04 23:33:44,011 [DEBUG] SlimeBot:555 ▶ [REACHED?] wp#6 dx=0.0 dy=2.0  → True
2025-08-04 23:33:44,011 [INFO] SlimeBot:462 ▶ [LADDER] from y=114 → end_y=102
2025-08-04 23:33:46,553 [DEBUG] SlimeBot:555 ▶ [REACHED?] wp#6 dx=11.0 dy=0.0  → False
2025-08-04 23:33:46,554 [DEBUG] SlimeBot:398 ▶ [MOVE] cur_x= 72  target_x= 83  dx=+11
2025-08-04 23:33:49,106 [DEBUG] SlimeBot:555 ▶ [REACHED?] wp#6 dx=3.0 dy=0.0  → True
2025-08-04 23:33:49,106 [INFO] SlimeBot:462 ▶ [LADDER] from y=116 → end_y=102
2025-08-04 23:33:51,013 [DEBUG] SlimeBot:555 ▶ [REACHED?] wp#6 dx=10.0 dy=0.0  → False
2025-08-04 23:33:51,014 [DEBUG] SlimeBot:398 ▶ [MOVE] cur_x= 73  target_x= 83  dx=+10
2025-08-04 23:33:54,085 [DEBUG] SlimeBot:555 ▶ [REACHED?] wp#6 dx=2.0 dy=0.0  → True
2025-08-04 23:33:54,085 [INFO] SlimeBot:462 ▶ [LADDER] from y=116 → end_y=102
2025-08-04 23:33:56,009 [DEBUG] SlimeBot:555 ▶ [REACHED?] wp#6 dx=5.0 dy=0.0  → True
2025-08-04 23:33:56,010 [INFO] SlimeBot:462 ▶ [LADDER] from y=116 → end_y=102
2025-08-04 23:33:58,404 [DEBUG] SlimeBot:555 ▶ [REACHED?] wp#6 dx=20.0 dy=0.0  → False
2025-08-04 23:33:58,404 [DEBUG] SlimeBot:398 ▶ [MOVE] cur_x= 63  target_x= 83  dx=+20
2025-08-04 23:34:00,525 [DEBUG] SlimeBot:555 ▶ [REACHED?] wp#6 dx=16.0 dy=0.0  → False
2025-08-04 23:34:00,525 [DEBUG] SlimeBot:398 ▶ [MOVE] cur_x= 67  target_x= 83  dx=+16
2025-08-04 23:34:01,603 [DEBUG] SlimeBot:555 ▶ [REACHED?] wp#6 dx=13.0 dy=0.0  → False
2025-08-04 23:34:01,604 [DEBUG] SlimeBot:398 ▶ [MOVE] cur_x= 70  target_x= 83  dx=+13
2025-08-04 23:34:02,468 [DEBUG] SlimeBot:555 ▶ [REACHED?] wp#6 dx=9.0 dy=0.0  → False
2025-08-04 23:34:02,468 [DEBUG] SlimeBot:398 ▶ [MOVE] cur_x= 74  target_x= 83  dx= +9
2025-08-04 23:34:03,305 [DEBUG] SlimeBot:555 ▶ [REACHED?] wp#6 dx=2.0 dy=0.0  → True
2025-08-04 23:34:03,305 [INFO] SlimeBot:462 ▶ [LADDER] from y=116 → end_y=102
2025-08-04 23:34:05,817 [DEBUG] SlimeBot:555 ▶ [REACHED?] wp#6 dx=16.0 dy=0.0  → False
2025-08-04 23:34:05,818 [DEBUG] SlimeBot:398 ▶ [MOVE] cur_x= 99  target_x= 83  dx=-16
2025-08-04 23:34:06,766 [DEBUG] SlimeBot:555 ▶ [REACHED?] wp#6 dx=13.0 dy=0.0  → False
2025-08-04 23:34:06,766 [DEBUG] SlimeBot:398 ▶ [MOVE] cur_x= 96  target_x= 83  dx=-13
2025-08-04 23:34:07,601 [DEBUG] SlimeBot:555 ▶ [REACHED?] wp#6 dx=6.0 dy=0.0  → True
2025-08-04 23:34:07,601 [INFO] SlimeBot:462 ▶ [LADDER] from y=116 → end_y=102
2025-08-04 23:34:12,548 [DEBUG] SlimeBot:555 ▶ [REACHED?] wp#7 dx=30.0 dy=0.0  → False
2025-08-04 23:34:12,548 [DEBUG] SlimeBot:398 ▶ [MOVE] cur_x= 81  target_x= 51  dx=-30
2025-08-04 23:34:13,603 [DEBUG] SlimeBot:555 ▶ [REACHED?] wp#7 dx=27.0 dy=0.0  → False
2025-08-04 23:34:13,604 [DEBUG] SlimeBot:398 ▶ [MOVE] cur_x= 78  target_x= 51  dx=-27
2025-08-04 23:34:14,422 [DEBUG] SlimeBot:555 ▶ [REACHED?] wp#7 dx=20.0 dy=0.0  → False
2025-08-04 23:34:14,423 [DEBUG] SlimeBot:398 ▶ [MOVE] cur_x= 71  target_x= 51  dx=-20
2025-08-04 23:34:16,038 [DEBUG] SlimeBot:555 ▶ [REACHED?] wp#7 dx=13.0 dy=0.0  → False
2025-08-04 23:34:16,038 [DEBUG] SlimeBot:398 ▶ [MOVE] cur_x= 64  target_x= 51  dx=-13
2025-08-04 23:34:16,944 [DEBUG] SlimeBot:555 ▶ [REACHED?] wp#7 dx=9.0 dy=0.0  → False
2025-08-04 23:34:16,945 [DEBUG] SlimeBot:398 ▶ [MOVE] cur_x= 60  target_x= 51  dx= -9
2025-08-04 23:34:17,759 [DEBUG] SlimeBot:555 ▶ [REACHED?] wp#7 dx=2.0 dy=0.0  → True
2025-08-04 23:34:22,726 [DEBUG] SlimeBot:555 ▶ [REACHED?] wp#0 dx=38.0 dy=0.0  → False
2025-08-04 23:34:22,726 [DEBUG] SlimeBot:398 ▶ [MOVE] cur_x= 19  target_x= 57  dx=+38
2025-08-04 23:34:23,692 [DEBUG] SlimeBot:555 ▶ [REACHED?] wp#0 dx=33.0 dy=0.0  → False
2025-08-04 23:34:23,692 [DEBUG] SlimeBot:398 ▶ [MOVE] cur_x= 24  target_x= 57  dx=+33
2025-08-04 23:34:25,843 [DEBUG] SlimeBot:555 ▶ [REACHED?] wp#0 dx=23.0 dy=0.0  → False
2025-08-04 23:34:25,843 [DEBUG] SlimeBot:398 ▶ [MOVE] cur_x= 34  target_x= 57  dx=+23
2025-08-04 23:34:26,778 [DEBUG] SlimeBot:555 ▶ [REACHED?] wp#0 dx=21.0 dy=0.0  → False
2025-08-04 23:34:26,779 [DEBUG] SlimeBot:398 ▶ [MOVE] cur_x= 36  target_x= 57  dx=+21
2025-08-04 23:34:28,493 [DEBUG] SlimeBot:555 ▶ [REACHED?] wp#0 dx=15.0 dy=0.0  → False
2025-08-04 23:34:28,493 [DEBUG] SlimeBot:398 ▶ [MOVE] cur_x= 42  target_x= 57  dx=+15
2025-08-04 23:34:34,664 [DEBUG] SlimeBot:555 ▶ [REACHED?] wp#0 dx=9.0 dy=0.0  → False
2025-08-04 23:34:34,665 [DEBUG] SlimeBot:398 ▶ [MOVE] cur_x= 48  target_x= 57  dx= +9
2025-08-04 23:34:35,622 [DEBUG] SlimeBot:555 ▶ [REACHED?] wp#0 dx=1.0 dy=0.0  → True
2025-08-04 23:34:35,622 [INFO] SlimeBot:462 ▶ [LADDER] from y=159 → end_y=144
2025-08-04 23:34:39,751 [DEBUG] SlimeBot:555 ▶ [REACHED?] wp#0 dx=17.0 dy=0.0  → False
2025-08-04 23:34:39,751 [DEBUG] SlimeBot:398 ▶ [MOVE] cur_x= 74  target_x= 57  dx=-17
2025-08-04 23:34:40,736 [DEBUG] SlimeBot:555 ▶ [REACHED?] wp#0 dx=13.0 dy=0.0  → False
2025-08-04 23:34:40,736 [DEBUG] SlimeBot:398 ▶ [MOVE] cur_x= 70  target_x= 57  dx=-13
2025-08-04 23:34:42,397 [DEBUG] SlimeBot:555 ▶ [REACHED?] wp#0 dx=4.0 dy=0.0  → True
2025-08-04 23:34:42,397 [INFO] SlimeBot:462 ▶ [LADDER] from y=159 → end_y=144
2025-08-04 23:34:48,605 [INFO] SlimeBot:665 ▶ [ATTACK] Same spot 3× → reselection
2025-08-04 23:34:50,017 [INFO] SlimeBot:385 ▶ [WP] Reselect → #3  (cur=(57,139))
2025-08-04 23:34:50,604 [INFO] SlimeBot:581 ▶ [WP] Y-sync → #2  cur_y=139
2025-08-04 23:34:50,605 [DEBUG] SlimeBot:555 ▶ [REACHED?] wp#2 dx=3.0 dy=10.0  → False
2025-08-04 23:34:50,605 [DEBUG] SlimeBot:398 ▶ [MOVE] cur_x= 60  target_x= 57  dx= -3
2025-08-04 23:34:51,342 [DEBUG] SlimeBot:555 ▶ [REACHED?] wp#2 dx=19.0 dy=0.0  → False
2025-08-04 23:34:51,342 [DEBUG] SlimeBot:398 ▶ [MOVE] cur_x= 61  target_x= 80  dx=+19
2025-08-04 23:34:52,194 [DEBUG] SlimeBot:555 ▶ [REACHED?] wp#2 dx=15.0 dy=0.0  → False
2025-08-04 23:34:52,194 [DEBUG] SlimeBot:398 ▶ [MOVE] cur_x= 65  target_x= 80  dx=+15
2025-08-04 23:34:53,041 [DEBUG] SlimeBot:555 ▶ [REACHED?] wp#2 dx=8.0 dy=0.0  → False
2025-08-04 23:34:53,041 [DEBUG] SlimeBot:398 ▶ [MOVE] cur_x= 72  target_x= 80  dx= +8
2025-08-04 23:34:54,662 [DEBUG] SlimeBot:555 ▶ [REACHED?] wp#2 dx=2.0 dy=0.0  → True
2025-08-04 23:34:54,662 [INFO] SlimeBot:462 ▶ [LADDER] from y=144 → end_y=129
2025-08-04 23:34:57,219 [DEBUG] SlimeBot:555 ▶ [REACHED?] wp#2 dx=18.0 dy=0.0  → False
2025-08-04 23:34:57,221 [DEBUG] SlimeBot:398 ▶ [MOVE] cur_x= 98  target_x= 80  dx=-18
2025-08-04 23:34:58,268 [DEBUG] SlimeBot:555 ▶ [REACHED?] wp#2 dx=17.0 dy=0.0  → False
2025-08-04 23:34:58,268 [DEBUG] SlimeBot:398 ▶ [MOVE] cur_x= 97  target_x= 80  dx=-17
2025-08-04 23:34:59,123 [DEBUG] SlimeBot:555 ▶ [REACHED?] wp#2 dx=10.0 dy=0.0  → False
2025-08-04 23:34:59,124 [DEBUG] SlimeBot:398 ▶ [MOVE] cur_x= 90  target_x= 80  dx=-10
2025-08-04 23:34:59,965 [DEBUG] SlimeBot:555 ▶ [REACHED?] wp#2 dx=2.0 dy=0.0  → True
2025-08-04 23:34:59,966 [INFO] SlimeBot:462 ▶ [LADDER] from y=144 → end_y=129
2025-08-04 23:35:04,380 [DEBUG] SlimeBot:555 ▶ [REACHED?] wp#3 dx=19.0 dy=0.0  → False
2025-08-04 23:35:04,381 [DEBUG] SlimeBot:398 ▶ [MOVE] cur_x= 76  target_x= 57  dx=-19
2025-08-04 23:35:07,344 [DEBUG] SlimeBot:555 ▶ [REACHED?] wp#3 dx=14.0 dy=0.0  → False
2025-08-04 23:35:07,345 [DEBUG] SlimeBot:398 ▶ [MOVE] cur_x= 71  target_x= 57  dx=-14
2025-08-04 23:35:08,420 [DEBUG] SlimeBot:555 ▶ [REACHED?] wp#3 dx=11.0 dy=0.0  → False
2025-08-04 23:35:08,421 [DEBUG] SlimeBot:398 ▶ [MOVE] cur_x= 68  target_x= 57  dx=-11
2025-08-04 23:35:09,298 [DEBUG] SlimeBot:555 ▶ [REACHED?] wp#3 dx=4.0 dy=0.0  → True
2025-08-04 23:35:10,064 [DEBUG] SlimeBot:555 ▶ [REACHED?] wp#4 dx=13.0 dy=0.0  → False
2025-08-04 23:35:10,065 [DEBUG] SlimeBot:398 ▶ [MOVE] cur_x= 54  target_x= 67  dx=+13
2025-08-04 23:35:11,057 [DEBUG] SlimeBot:555 ▶ [REACHED?] wp#4 dx=12.0 dy=0.0  → False
2025-08-04 23:35:11,058 [DEBUG] SlimeBot:398 ▶ [MOVE] cur_x= 55  target_x= 67  dx=+12
2025-08-04 23:35:11,927 [DEBUG] SlimeBot:555 ▶ [REACHED?] wp#4 dx=5.0 dy=0.0  → True
2025-08-04 23:35:11,927 [INFO] SlimeBot:462 ▶ [LADDER] from y=129 → end_y=116
2025-08-04 23:35:16,028 [DEBUG] SlimeBot:555 ▶ [REACHED?] wp#5 dx=5.0 dy=0.0  → True
2025-08-04 23:35:17,449 [DEBUG] SlimeBot:555 ▶ [REACHED?] wp#6 dx=22.0 dy=0.0  → False
2025-08-04 23:35:17,449 [DEBUG] SlimeBot:398 ▶ [MOVE] cur_x= 61  target_x= 83  dx=+22
2025-08-04 23:35:19,811 [DEBUG] SlimeBot:555 ▶ [REACHED?] wp#6 dx=14.0 dy=0.0  → False
2025-08-04 23:35:19,811 [DEBUG] SlimeBot:398 ▶ [MOVE] cur_x= 69  target_x= 83  dx=+14
2025-08-04 23:35:20,793 [DEBUG] SlimeBot:555 ▶ [REACHED?] wp#6 dx=13.0 dy=0.0  → False
2025-08-04 23:35:20,793 [DEBUG] SlimeBot:398 ▶ [MOVE] cur_x= 70  target_x= 83  dx=+13
2025-08-04 23:35:21,662 [DEBUG] SlimeBot:555 ▶ [REACHED?] wp#6 dx=4.0 dy=0.0  → True
2025-08-04 23:35:21,662 [INFO] SlimeBot:462 ▶ [LADDER] from y=116 → end_y=102
2025-08-04 23:35:24,285 [DEBUG] SlimeBot:555 ▶ [REACHED?] wp#6 dx=15.0 dy=0.0  → False
2025-08-04 23:35:24,286 [DEBUG] SlimeBot:398 ▶ [MOVE] cur_x= 98  target_x= 83  dx=-15
2025-08-04 23:35:25,276 [DEBUG] SlimeBot:555 ▶ [REACHED?] wp#6 dx=255.0 dy=2.0  → False
2025-08-04 23:35:25,276 [DEBUG] SlimeBot:398 ▶ [MOVE] cur_x=338  target_x= 83  dx=-255
2025-08-04 23:35:26,144 [DEBUG] SlimeBot:555 ▶ [REACHED?] wp#6 dx=1.0 dy=0.0  → True
2025-08-04 23:35:26,145 [INFO] SlimeBot:462 ▶ [LADDER] from y=116 → end_y=102
2025-08-04 23:35:29,425 [DEBUG] SlimeBot:555 ▶ [REACHED?] wp#6 dx=11.0 dy=0.0  → False
2025-08-04 23:35:29,425 [DEBUG] SlimeBot:398 ▶ [MOVE] cur_x= 72  target_x= 83  dx=+11
2025-08-04 23:35:30,478 [DEBUG] SlimeBot:555 ▶ [REACHED?] wp#6 dx=5.0 dy=0.0  → True
2025-08-04 23:35:30,478 [INFO] SlimeBot:462 ▶ [LADDER] from y=116 → end_y=102
2025-08-04 23:35:35,695 [DEBUG] SlimeBot:555 ▶ [REACHED?] wp#6 dx=3.0 dy=3.0  → True
2025-08-04 23:35:35,695 [INFO] SlimeBot:462 ▶ [LADDER] from y=113 → end_y=102
2025-08-04 23:35:37,760 [DEBUG] SlimeBot:555 ▶ [REACHED?] wp#6 dx=14.0 dy=3.0  → False
2025-08-04 23:35:37,760 [DEBUG] SlimeBot:398 ▶ [MOVE] cur_x= 97  target_x= 83  dx=-14
2025-08-04 23:35:39,894 [DEBUG] SlimeBot:555 ▶ [REACHED?] wp#6 dx=4.0 dy=0.0  → True
2025-08-04 23:35:39,894 [INFO] SlimeBot:462 ▶ [LADDER] from y=116 → end_y=102
2025-08-04 23:35:41,986 [DEBUG] SlimeBot:555 ▶ [REACHED?] wp#6 dx=16.0 dy=3.0  → False
2025-08-04 23:35:41,987 [DEBUG] SlimeBot:398 ▶ [MOVE] cur_x= 99  target_x= 83  dx=-16
2025-08-04 23:35:43,058 [DEBUG] SlimeBot:555 ▶ [REACHED?] wp#6 dx=9.0 dy=3.0  → False
2025-08-04 23:35:43,059 [DEBUG] SlimeBot:398 ▶ [MOVE] cur_x= 92  target_x= 83  dx= -9
2025-08-04 23:35:43,910 [DEBUG] SlimeBot:555 ▶ [REACHED?] wp#6 dx=2.0 dy=0.0  → True
2025-08-04 23:35:43,910 [INFO] SlimeBot:462 ▶ [LADDER] from y=116 → end_y=102
2025-08-04 23:35:46,513 [DEBUG] SlimeBot:555 ▶ [REACHED?] wp#6 dx=15.0 dy=0.0  → False
2025-08-04 23:35:46,513 [DEBUG] SlimeBot:398 ▶ [MOVE] cur_x= 68  target_x= 83  dx=+15
2025-08-04 23:35:47,462 [DEBUG] SlimeBot:555 ▶ [REACHED?] wp#6 dx=11.0 dy=0.0  → False
2025-08-04 23:35:47,463 [DEBUG] SlimeBot:398 ▶ [MOVE] cur_x= 72  target_x= 83  dx=+11
2025-08-04 23:35:48,300 [DEBUG] SlimeBot:555 ▶ [REACHED?] wp#6 dx=4.0 dy=0.0  → True
2025-08-04 23:35:48,301 [INFO] SlimeBot:462 ▶ [LADDER] from y=116 → end_y=102
2025-08-04 23:35:50,719 [DEBUG] SlimeBot:555 ▶ [REACHED?] wp#6 dx=14.0 dy=0.0  → False
2025-08-04 23:35:50,720 [DEBUG] SlimeBot:398 ▶ [MOVE] cur_x= 97  target_x= 83  dx=-14
2025-08-04 23:35:51,642 [DEBUG] SlimeBot:555 ▶ [REACHED?] wp#6 dx=10.0 dy=0.0  → False
2025-08-04 23:35:51,642 [DEBUG] SlimeBot:398 ▶ [MOVE] cur_x= 93  target_x= 83  dx=-10
2025-08-04 23:35:52,445 [DEBUG] SlimeBot:555 ▶ [REACHED?] wp#6 dx=3.0 dy=0.0  → True
2025-08-04 23:35:52,445 [INFO] SlimeBot:462 ▶ [LADDER] from y=116 → end_y=102
2025-08-04 23:35:54,808 [DEBUG] SlimeBot:555 ▶ [REACHED?] wp#6 dx=13.0 dy=0.0  → False
2025-08-04 23:35:54,809 [DEBUG] SlimeBot:398 ▶ [MOVE] cur_x= 70  target_x= 83  dx=+13
2025-08-04 23:35:55,774 [DEBUG] SlimeBot:555 ▶ [REACHED?] wp#6 dx=8.0 dy=0.0  → False
2025-08-04 23:35:55,775 [DEBUG] SlimeBot:398 ▶ [MOVE] cur_x= 75  target_x= 83  dx= +8
2025-08-04 23:35:56,644 [DEBUG] SlimeBot:555 ▶ [REACHED?] wp#6 dx=0.0 dy=0.0  → True
2025-08-04 23:35:56,644 [INFO] SlimeBot:462 ▶ [LADDER] from y=116 → end_y=102
2025-08-04 23:35:58,674 [DEBUG] SlimeBot:555 ▶ [REACHED?] wp#6 dx=14.0 dy=3.0  → False
2025-08-04 23:35:58,674 [DEBUG] SlimeBot:398 ▶ [MOVE] cur_x= 97  target_x= 83  dx=-14
2025-08-04 23:35:59,607 [DEBUG] SlimeBot:555 ▶ [REACHED?] wp#6 dx=9.0 dy=3.0  → False
2025-08-04 23:35:59,608 [DEBUG] SlimeBot:398 ▶ [MOVE] cur_x= 92  target_x= 83  dx= -9
2025-08-04 23:36:00,432 [DEBUG] SlimeBot:555 ▶ [REACHED?] wp#6 dx=2.0 dy=0.0  → True
2025-08-04 23:36:00,433 [INFO] SlimeBot:462 ▶ [LADDER] from y=116 → end_y=102
2025-08-04 23:36:02,898 [DEBUG] SlimeBot:555 ▶ [REACHED?] wp#6 dx=15.0 dy=0.0  → False
2025-08-04 23:36:02,899 [DEBUG] SlimeBot:398 ▶ [MOVE] cur_x= 68  target_x= 83  dx=+15
2025-08-04 23:36:05,160 [DEBUG] SlimeBot:555 ▶ [REACHED?] wp#6 dx=13.0 dy=0.0  → False
2025-08-04 23:36:05,160 [DEBUG] SlimeBot:398 ▶ [MOVE] cur_x= 70  target_x= 83  dx=+13
2025-08-04 23:36:06,100 [DEBUG] SlimeBot:555 ▶ [REACHED?] wp#6 dx=9.0 dy=0.0  → False
2025-08-04 23:36:06,100 [DEBUG] SlimeBot:398 ▶ [MOVE] cur_x= 74  target_x= 83  dx= +9
2025-08-04 23:36:06,959 [DEBUG] SlimeBot:555 ▶ [REACHED?] wp#6 dx=2.0 dy=0.0  → True
2025-08-04 23:36:06,959 [INFO] SlimeBot:462 ▶ [LADDER] from y=116 → end_y=102
2025-08-04 23:36:09,363 [DEBUG] SlimeBot:555 ▶ [REACHED?] wp#6 dx=16.0 dy=0.0  → False
2025-08-04 23:36:09,364 [DEBUG] SlimeBot:398 ▶ [MOVE] cur_x= 99  target_x= 83  dx=-16
2025-08-04 23:36:10,811 [DEBUG] SlimeBot:555 ▶ [REACHED?] wp#6 dx=8.0 dy=0.0  → False
2025-08-04 23:36:10,811 [DEBUG] SlimeBot:398 ▶ [MOVE] cur_x= 91  target_x= 83  dx= -8
2025-08-04 23:36:11,663 [DEBUG] SlimeBot:555 ▶ [REACHED?] wp#6 dx=0.0 dy=0.0  → True
2025-08-04 23:36:11,663 [INFO] SlimeBot:462 ▶ [LADDER] from y=116 → end_y=102
2025-08-04 23:36:14,257 [DEBUG] SlimeBot:555 ▶ [REACHED?] wp#6 dx=18.0 dy=0.0  → False
2025-08-04 23:36:14,257 [DEBUG] SlimeBot:398 ▶ [MOVE] cur_x= 65  target_x= 83  dx=+18
2025-08-04 23:36:15,212 [DEBUG] SlimeBot:555 ▶ [REACHED?] wp#6 dx=14.0 dy=0.0  → False
2025-08-04 23:36:15,212 [DEBUG] SlimeBot:398 ▶ [MOVE] cur_x= 69  target_x= 83  dx=+14
2025-08-04 23:36:16,056 [DEBUG] SlimeBot:555 ▶ [REACHED?] wp#6 dx=7.0 dy=0.0  → True
2025-08-04 23:36:16,057 [INFO] SlimeBot:462 ▶ [LADDER] from y=116 → end_y=102
2025-08-04 23:36:19,246 [DEBUG] SlimeBot:555 ▶ [REACHED?] wp#7 dx=35.0 dy=0.0  → False
2025-08-04 23:36:19,247 [DEBUG] SlimeBot:398 ▶ [MOVE] cur_x= 86  target_x= 51  dx=-35
2025-08-04 23:36:20,192 [DEBUG] SlimeBot:555 ▶ [REACHED?] wp#7 dx=31.0 dy=0.0  → False
2025-08-04 23:36:20,192 [DEBUG] SlimeBot:398 ▶ [MOVE] cur_x= 82  target_x= 51  dx=-31
2025-08-04 23:36:21,010 [DEBUG] SlimeBot:555 ▶ [REACHED?] wp#7 dx=29.0 dy=0.0  → False
2025-08-04 23:36:21,011 [DEBUG] SlimeBot:398 ▶ [MOVE] cur_x= 80  target_x= 51  dx=-29
2025-08-04 23:36:21,876 [DEBUG] SlimeBot:555 ▶ [REACHED?] wp#7 dx=22.0 dy=0.0  → False
2025-08-04 23:36:21,877 [DEBUG] SlimeBot:398 ▶ [MOVE] cur_x= 73  target_x= 51  dx=-22
2025-08-04 23:36:22,751 [INFO] SlimeBot:581 ▶ [WP] Y-sync → #0  cur_y=491
2025-08-04 23:36:22,751 [DEBUG] SlimeBot:555 ▶ [REACHED?] wp#0 dx=601.0 dy=389.0  → False
2025-08-04 23:36:22,751 [DEBUG] SlimeBot:398 ▶ [MOVE] cur_x=652  target_x= 51  dx=-601
